2025-06-27 12:20:11,586 - __main__ - INFO - === DGBienes Multi-Schema Iniciado ===
2025-06-27 12:20:11,586 - __main__ - INFO - Entorno: BIENES
2025-06-27 12:20:11,586 - __main__ - INFO - Modo: excel
2025-06-27 12:20:11,586 - __main__ - INFO - Sincronización: incremental
2025-06-27 12:20:11,586 - __main__ - INFO - Iniciando exportación a Excel para entorno bienes...
2025-06-27 12:20:11,586 - services.query_service - INFO - === Iniciando generación de archivos Excel ===
2025-06-27 12:20:11,836 - adapters.db_adapter - INFO - Configuración Oracle detectada. Inicializando adaptador...
2025-06-27 12:20:12,278 - adapters.db_adapter - INFO - Oracle Client inicializado desde: C:\oracle\instantclient_23_7
2025-06-27 12:20:12,278 - adapters.db_adapter - INFO - DSN creado: 10.15.7.45:1521/vivp
2025-06-27 12:20:32,545 - adapters.db_adapter - ERROR - ❌ Error conectando a Oracle: (oracledb.exceptions.DatabaseError) ORA-12170: Cannot connect. TCP connect timeout of 20s for host 10.15.7.45 port 1521. (CONNECTION_ID=G1yXSQeQTluUEiiAmZN8/g==)
Help: https://docs.oracle.com/error-help/db/ora-12170/
(Background on this error at: https://sqlalche.me/e/20/4xp6)
2025-06-27 12:20:32,545 - adapters.db_adapter - INFO - Oracle Client inicializado desde: C:\oracle\instantclient_23_7
2025-06-27 12:20:32,552 - adapters.db_adapter - INFO - DSN creado: 10.15.7.45:1521/vivp
2025-06-27 12:20:59,492 - __main__ - INFO - === DGBienes Multi-Schema Iniciado ===
2025-06-27 12:20:59,492 - __main__ - INFO - Entorno: BIENES
2025-06-27 12:20:59,492 - __main__ - INFO - Modo: excel
2025-06-27 12:20:59,492 - __main__ - INFO - Sincronización: incremental
2025-06-27 12:20:59,492 - __main__ - INFO - Iniciando exportación a Excel para entorno bienes...
2025-06-27 12:20:59,494 - services.query_service - INFO - === Iniciando generación de archivos Excel ===
2025-06-27 12:20:59,596 - adapters.db_adapter - INFO - Configuración Oracle detectada. Inicializando adaptador...
2025-06-27 12:20:59,615 - adapters.db_adapter - INFO - Oracle Client inicializado desde: C:\oracle\instantclient_23_7
2025-06-27 12:20:59,615 - adapters.db_adapter - INFO - DSN creado: 10.15.7.45:1521/vivp
2025-06-27 12:21:00,461 - adapters.db_adapter - INFO - ✅ Conexión Oracle exitosa: Oracle conectado
2025-06-27 12:21:00,477 - services.query_service - INFO - Procesando: Bienes_01_BENEFICIARIOS.sql
2025-06-27 12:21:01,337 - services.query_service - INFO - ✅ Bienes_01_BENEFICIARIOS.xlsx: 226 registros exportados
2025-06-27 12:21:01,337 - services.query_service - INFO - Procesando: Bienes_02_CARTERAS.sql
2025-06-27 12:21:01,812 - services.query_service - INFO - ✅ Bienes_02_CARTERAS.xlsx: 229 registros exportados
2025-06-27 12:21:01,812 - services.query_service - INFO - Procesando: Bienes_03_CONTRATOS.sql
2025-06-27 12:21:02,669 - services.query_service - INFO - ✅ Bienes_03_CONTRATOS.xlsx: 404 registros exportados
2025-06-27 12:21:02,669 - services.query_service - INFO - Procesando: Bienes_04_PLAN DE PAGOS.sql
2025-06-27 12:21:09,996 - services.query_service - INFO - ✅ Bienes_04_PLAN DE PAGOS.xlsx: 3867 registros exportados
2025-06-27 12:21:09,998 - services.query_service - INFO - ✅ Proceso completado: 4 archivos generados
2025-06-27 12:21:09,998 - __main__ - INFO - ✅ Exportación a Excel completada
2025-06-27 12:21:09,999 - __main__ - INFO - === Proceso completado exitosamente ===
2025-06-27 12:22:44,123 - __main__ - INFO - === DGBienes Multi-Schema Iniciado ===
2025-06-27 12:22:44,124 - __main__ - INFO - Entorno: BIENES
2025-06-27 12:22:44,124 - __main__ - INFO - Modo: excel
2025-06-27 12:22:44,124 - __main__ - INFO - Sincronización: incremental
2025-06-27 12:22:44,124 - __main__ - INFO - Iniciando exportación a Excel para entorno bienes...
2025-06-27 12:22:44,125 - services.query_service - INFO - === Iniciando generación de archivos Excel ===
2025-06-27 12:22:44,257 - adapters.db_adapter - INFO - Configuración Oracle detectada. Inicializando adaptador...
2025-06-27 12:22:44,282 - adapters.db_adapter - INFO - Oracle Client inicializado desde: C:\oracle\instantclient_23_7
2025-06-27 12:22:44,283 - adapters.db_adapter - INFO - DSN creado: 10.15.7.45:1521/vivp
2025-06-27 12:22:44,798 - adapters.db_adapter - INFO - ✅ Conexión Oracle exitosa: Oracle conectado
2025-06-27 12:22:44,816 - services.query_service - INFO - Procesando: Bienes_01_BENEFICIARIOS.sql
2025-06-27 12:22:45,668 - services.query_service - INFO - ✅ Bienes_01_BENEFICIARIOS.xlsx: 226 registros exportados
2025-06-27 12:22:45,668 - services.query_service - INFO - Procesando: Bienes_02_CARTERAS.sql
2025-06-27 12:22:46,114 - services.query_service - INFO - ✅ Bienes_02_CARTERAS.xlsx: 229 registros exportados
2025-06-27 12:22:46,115 - services.query_service - INFO - Procesando: Bienes_03_CONTRATOS.sql
2025-06-27 12:22:46,801 - services.query_service - INFO - ✅ Bienes_03_CONTRATOS.xlsx: 404 registros exportados
2025-06-27 12:22:46,801 - services.query_service - INFO - Procesando: Bienes_04_PLAN DE PAGOS.sql
2025-06-27 12:22:54,417 - services.query_service - INFO - ✅ Bienes_04_PLAN DE PAGOS.xlsx: 3867 registros exportados
2025-06-27 12:22:54,420 - services.query_service - INFO - ✅ Proceso completado: 4 archivos generados
2025-06-27 12:22:54,420 - __main__ - INFO - ✅ Exportación a Excel completada
2025-06-27 12:22:54,421 - __main__ - INFO - === Proceso completado exitosamente ===
2025-06-27 12:23:40,138 - __main__ - INFO - === DGBienes Multi-Schema Iniciado ===
2025-06-27 12:23:40,138 - __main__ - INFO - Entorno: BIENES
2025-06-27 12:23:40,140 - __main__ - INFO - Modo: excel
2025-06-27 12:23:40,140 - __main__ - INFO - Sincronización: incremental
2025-06-27 12:23:40,140 - __main__ - INFO - Iniciando exportación a Excel para entorno bienes...
2025-06-27 12:23:40,140 - services.query_service - INFO - === Iniciando generación de archivos Excel ===
2025-06-27 12:23:40,249 - adapters.db_adapter - INFO - Configuración Oracle detectada. Inicializando adaptador...
2025-06-27 12:23:40,267 - adapters.db_adapter - INFO - Oracle Client inicializado desde: C:\oracle\instantclient_23_7
2025-06-27 12:23:40,268 - adapters.db_adapter - INFO - DSN creado: 10.15.7.45:1521/vivp
2025-06-27 12:23:40,782 - adapters.db_adapter - INFO - ✅ Conexión Oracle exitosa: Oracle conectado
2025-06-27 12:23:40,800 - services.query_service - INFO - Procesando: Bienes_01_BENEFICIARIOS.sql
2025-06-27 12:23:41,617 - services.query_service - INFO - ✅ Bienes_01_BENEFICIARIOS.xlsx: 226 registros exportados
2025-06-27 12:23:41,618 - services.query_service - INFO - Procesando: Bienes_02_CARTERAS.sql
2025-06-27 12:23:42,096 - services.query_service - INFO - ✅ Bienes_02_CARTERAS.xlsx: 229 registros exportados
2025-06-27 12:23:42,097 - services.query_service - INFO - Procesando: Bienes_03_CONTRATOS.sql
2025-06-27 12:23:42,839 - services.query_service - INFO - ✅ Bienes_03_CONTRATOS.xlsx: 404 registros exportados
2025-06-27 12:23:42,840 - services.query_service - INFO - Procesando: Bienes_04_PLAN DE PAGOS.sql
2025-06-27 12:23:50,156 - services.query_service - INFO - ✅ Bienes_04_PLAN DE PAGOS.xlsx: 3867 registros exportados
2025-06-27 12:23:50,159 - services.query_service - INFO - ✅ Proceso completado: 4 archivos generados
2025-06-27 12:23:50,160 - __main__ - INFO - ✅ Exportación a Excel completada
2025-06-27 12:23:50,160 - __main__ - INFO - === Proceso completado exitosamente ===
2025-06-27 12:25:38,337 - __main__ - INFO - === DGBienes Multi-Schema Iniciado ===
2025-06-27 12:25:38,338 - __main__ - INFO - Entorno: BIENES
2025-06-27 12:25:38,338 - __main__ - INFO - Modo: sqlserver
2025-06-27 12:25:38,338 - __main__ - INFO - Sincronización: full
2025-06-27 12:25:38,339 - __main__ - INFO - Iniciando sincronización a SQL Server para entorno bienes...
2025-06-27 12:25:38,366 - adapters.sqlserver_adapter - INFO - SQL Server adapter inicializado correctamente
2025-06-27 12:25:38,367 - services.sync_service - INFO - Iniciando sincronización en modo: full
2025-06-27 12:25:38,367 - services.sync_service - INFO - Sincronizando: Bienes_01_BENEFICIARIOS.sql -> Bienes_01_BENEFICIARIOS
2025-06-27 12:25:38,724 - adapters.db_adapter - INFO - Configuración Oracle detectada. Inicializando adaptador...
2025-06-27 12:25:38,742 - adapters.db_adapter - INFO - Oracle Client inicializado desde: C:\oracle\instantclient_23_7
2025-06-27 12:25:38,742 - adapters.db_adapter - INFO - DSN creado: 10.15.7.45:1521/vivp
2025-06-27 12:25:39,246 - adapters.db_adapter - INFO - ✅ Conexión Oracle exitosa: Oracle conectado
2025-06-27 12:25:39,926 - adapters.sqlserver_adapter - INFO - Datos insertados en dbo.Bienes_01_BENEFICIARIOS: 226 registros
2025-06-27 12:25:39,926 - services.sync_service - INFO - ✅ Bienes_01_BENEFICIARIOS: 226 registros sincronizados
2025-06-27 12:25:39,927 - services.sync_service - INFO - Sincronizando: Bienes_02_CARTERAS.sql -> Bienes_02_CARTERAS
2025-06-27 12:25:40,392 - adapters.sqlserver_adapter - ERROR - Error insertando datos en Bienes_02_CARTERAS: (pyodbc.ProgrammingError) ('42000', '[42000] [Microsoft][ODBC Driver 17 for SQL Server][SQL Server]Error converting data type varchar to numeric. (8114) (SQLExecDirectW)')
[SQL: INSERT INTO dbo.[Bienes_02_CARTERAS] (barrio, ley, identificacion, circunscripcion, seccion, manzana, parcela, division, tipo_unidad, nrounidad, piso, depto, telefono, partidaunidad, digitoverificador, tipoplano, valuacionfiscal, nueva, mtstotales, m ... 580 characters truncated ... ?, ?, ?, ?, ?, ?, ?, ?, ?, ?, ?, ?), (?, ?, ?, ?, ?, ?, ?, ?, ?, ?, ?, ?, ?, ?, ?, ?, ?, ?, ?, ?, ?)]
[parameters: ('CABA', 6593, '24 de Noviembre 111/17', 9.0, 28.0, 32.0, 1.0, '24 de Noviembre 111/17', 'Vivienda', 24, '6', '24', '', '', '', '', '', 'N', '', '', 'S', 'CABA', 6593, '24 de Noviembre 111/17', 9.0, 28.0, 32.0, 1.0, '24 de Noviembre 111/17', 'Vivienda', 27, '7', '27', '', '', '', '', '', 'N', '', '', 'S', 'CABA', 6593, 'Alberdi, Juan B. Av. 2181/83/85', 5.0, 48.0, 134.0, 16.0, 'Alberdi, Juan B. Av. 2181/83/85' ... 110 parameters truncated ... '', '', '', '', 'N', '', '', 'S', 'CABA', 6593, 'Alberdi, Juan B. Av. 2705', 5.0, 48.0, 64.0, 30.0, 'Alberdi, Juan B. Av. 2705', 'Vivienda', 1, '', '', '', '', '', '', '', 'N', '', '', 'S', 'CABA', 6593, 'Araoz Alfaro, Gregorio, Dr. 262/64/66', 7.0, 45.0, 103.0, 8.0, 'Araoz Alfaro, Gregorio, Dr. 262/64/66', 'Vivienda', 1, 'PB', '', '', '', '', '', '', 'N', '', '', 'S')]
(Background on this error at: https://sqlalche.me/e/20/f405)
2025-06-27 12:25:40,393 - services.sync_service - ERROR - Error sincronizando tabla Bienes_02_CARTERAS: (pyodbc.ProgrammingError) ('42000', '[42000] [Microsoft][ODBC Driver 17 for SQL Server][SQL Server]Error converting data type varchar to numeric. (8114) (SQLExecDirectW)')
[SQL: INSERT INTO dbo.[Bienes_02_CARTERAS] (barrio, ley, identificacion, circunscripcion, seccion, manzana, parcela, division, tipo_unidad, nrounidad, piso, depto, telefono, partidaunidad, digitoverificador, tipoplano, valuacionfiscal, nueva, mtstotales, m ... 580 characters truncated ... ?, ?, ?, ?, ?, ?, ?, ?, ?, ?, ?, ?), (?, ?, ?, ?, ?, ?, ?, ?, ?, ?, ?, ?, ?, ?, ?, ?, ?, ?, ?, ?, ?)]
[parameters: ('CABA', 6593, '24 de Noviembre 111/17', 9.0, 28.0, 32.0, 1.0, '24 de Noviembre 111/17', 'Vivienda', 24, '6', '24', '', '', '', '', '', 'N', '', '', 'S', 'CABA', 6593, '24 de Noviembre 111/17', 9.0, 28.0, 32.0, 1.0, '24 de Noviembre 111/17', 'Vivienda', 27, '7', '27', '', '', '', '', '', 'N', '', '', 'S', 'CABA', 6593, 'Alberdi, Juan B. Av. 2181/83/85', 5.0, 48.0, 134.0, 16.0, 'Alberdi, Juan B. Av. 2181/83/85' ... 110 parameters truncated ... '', '', '', '', 'N', '', '', 'S', 'CABA', 6593, 'Alberdi, Juan B. Av. 2705', 5.0, 48.0, 64.0, 30.0, 'Alberdi, Juan B. Av. 2705', 'Vivienda', 1, '', '', '', '', '', '', '', 'N', '', '', 'S', 'CABA', 6593, 'Araoz Alfaro, Gregorio, Dr. 262/64/66', 7.0, 45.0, 103.0, 8.0, 'Araoz Alfaro, Gregorio, Dr. 262/64/66', 'Vivienda', 1, 'PB', '', '', '', '', '', '', 'N', '', '', 'S')]
(Background on this error at: https://sqlalche.me/e/20/f405)
2025-06-27 12:25:40,394 - services.sync_service - ERROR - Error sincronizando Bienes_02_CARTERAS.sql: (pyodbc.ProgrammingError) ('42000', '[42000] [Microsoft][ODBC Driver 17 for SQL Server][SQL Server]Error converting data type varchar to numeric. (8114) (SQLExecDirectW)')
[SQL: INSERT INTO dbo.[Bienes_02_CARTERAS] (barrio, ley, identificacion, circunscripcion, seccion, manzana, parcela, division, tipo_unidad, nrounidad, piso, depto, telefono, partidaunidad, digitoverificador, tipoplano, valuacionfiscal, nueva, mtstotales, m ... 580 characters truncated ... ?, ?, ?, ?, ?, ?, ?, ?, ?, ?, ?, ?), (?, ?, ?, ?, ?, ?, ?, ?, ?, ?, ?, ?, ?, ?, ?, ?, ?, ?, ?, ?, ?)]
[parameters: ('CABA', 6593, '24 de Noviembre 111/17', 9.0, 28.0, 32.0, 1.0, '24 de Noviembre 111/17', 'Vivienda', 24, '6', '24', '', '', '', '', '', 'N', '', '', 'S', 'CABA', 6593, '24 de Noviembre 111/17', 9.0, 28.0, 32.0, 1.0, '24 de Noviembre 111/17', 'Vivienda', 27, '7', '27', '', '', '', '', '', 'N', '', '', 'S', 'CABA', 6593, 'Alberdi, Juan B. Av. 2181/83/85', 5.0, 48.0, 134.0, 16.0, 'Alberdi, Juan B. Av. 2181/83/85' ... 110 parameters truncated ... '', '', '', '', 'N', '', '', 'S', 'CABA', 6593, 'Alberdi, Juan B. Av. 2705', 5.0, 48.0, 64.0, 30.0, 'Alberdi, Juan B. Av. 2705', 'Vivienda', 1, '', '', '', '', '', '', '', 'N', '', '', 'S', 'CABA', 6593, 'Araoz Alfaro, Gregorio, Dr. 262/64/66', 7.0, 45.0, 103.0, 8.0, 'Araoz Alfaro, Gregorio, Dr. 262/64/66', 'Vivienda', 1, 'PB', '', '', '', '', '', '', 'N', '', '', 'S')]
(Background on this error at: https://sqlalche.me/e/20/f405)
2025-06-27 12:25:40,394 - services.sync_service - INFO - Sincronizando: Bienes_03_CONTRATOS.sql -> Bienes_03_CONTRATOS
2025-06-27 12:25:41,174 - adapters.sqlserver_adapter - INFO - Datos insertados en dbo.Bienes_03_CONTRATOS: 404 registros
2025-06-27 12:25:41,175 - services.sync_service - INFO - ✅ Bienes_03_CONTRATOS: 404 registros sincronizados
2025-06-27 12:25:41,175 - services.sync_service - INFO - Sincronizando: Bienes_04_PLAN DE PAGOS.sql -> Bienes_04_PLAN_DE_PAGOS
2025-06-27 12:25:47,468 - adapters.sqlserver_adapter - INFO - Datos insertados en dbo.Bienes_04_PLAN_DE_PAGOS: 3867 registros
2025-06-27 12:25:47,468 - services.sync_service - INFO - ✅ Bienes_04_PLAN_DE_PAGOS: 3867 registros sincronizados
2025-06-27 12:25:47,473 - services.sync_service - INFO - Sincronización completada. Total registros: 4497
2025-06-27 12:25:47,473 - services.sync_service - WARNING - Errores encontrados: 1
2025-06-27 12:25:47,474 - services.sync_service - WARNING -   ❌ Error sincronizando Bienes_02_CARTERAS.sql: (pyodbc.ProgrammingError) ('42000', '[42000] [Microsoft][ODBC Driver 17 for SQL Server][SQL Server]Error converting data type varchar to numeric. (8114) (SQLExecDirectW)')
[SQL: INSERT INTO dbo.[Bienes_02_CARTERAS] (barrio, ley, identificacion, circunscripcion, seccion, manzana, parcela, division, tipo_unidad, nrounidad, piso, depto, telefono, partidaunidad, digitoverificador, tipoplano, valuacionfiscal, nueva, mtstotales, m ... 580 characters truncated ... ?, ?, ?, ?, ?, ?, ?, ?, ?, ?, ?, ?), (?, ?, ?, ?, ?, ?, ?, ?, ?, ?, ?, ?, ?, ?, ?, ?, ?, ?, ?, ?, ?)]
[parameters: ('CABA', 6593, '24 de Noviembre 111/17', 9.0, 28.0, 32.0, 1.0, '24 de Noviembre 111/17', 'Vivienda', 24, '6', '24', '', '', '', '', '', 'N', '', '', 'S', 'CABA', 6593, '24 de Noviembre 111/17', 9.0, 28.0, 32.0, 1.0, '24 de Noviembre 111/17', 'Vivienda', 27, '7', '27', '', '', '', '', '', 'N', '', '', 'S', 'CABA', 6593, 'Alberdi, Juan B. Av. 2181/83/85', 5.0, 48.0, 134.0, 16.0, 'Alberdi, Juan B. Av. 2181/83/85' ... 110 parameters truncated ... '', '', '', '', 'N', '', '', 'S', 'CABA', 6593, 'Alberdi, Juan B. Av. 2705', 5.0, 48.0, 64.0, 30.0, 'Alberdi, Juan B. Av. 2705', 'Vivienda', 1, '', '', '', '', '', '', '', 'N', '', '', 'S', 'CABA', 6593, 'Araoz Alfaro, Gregorio, Dr. 262/64/66', 7.0, 45.0, 103.0, 8.0, 'Araoz Alfaro, Gregorio, Dr. 262/64/66', 'Vivienda', 1, 'PB', '', '', '', '', '', '', 'N', '', '', 'S')]
(Background on this error at: https://sqlalche.me/e/20/f405)
2025-06-27 12:25:47,474 - __main__ - ERROR - Error en sincronización SQL Server: cannot unpack non-iterable NoneType object
2025-06-27 12:25:47,475 - __main__ - INFO - === Proceso completado exitosamente ===
2025-07-01 16:06:21,202 - __main__ - INFO - === DGBienes Multi-Schema Iniciado ===
2025-07-01 16:06:21,202 - __main__ - INFO - Entorno: BIENES
2025-07-01 16:06:21,202 - __main__ - INFO - Modo: both
2025-07-01 16:06:21,202 - __main__ - INFO - Sincronización: incremental
2025-07-01 16:06:21,223 - adapters.sqlserver_adapter - INFO - SQL Server adapter inicializado correctamente
2025-07-01 16:06:31,576 - __main__ - INFO - === DGBienes Multi-Schema Iniciado ===
2025-07-01 16:06:31,576 - __main__ - INFO - Entorno: BIENES
2025-07-01 16:06:31,576 - __main__ - INFO - Modo: both
2025-07-01 16:06:31,576 - __main__ - INFO - Sincronización: incremental
2025-07-01 16:06:31,588 - adapters.sqlserver_adapter - INFO - SQL Server adapter inicializado correctamente
2025-07-01 16:08:58,397 - __main__ - INFO - === DGBienes Multi-Schema Iniciado ===
2025-07-01 16:08:58,397 - __main__ - INFO - Entorno: BIENES
2025-07-01 16:08:58,397 - __main__ - INFO - Modo: sqlserver
2025-07-01 16:08:58,397 - __main__ - INFO - Sincronización: incremental
2025-07-01 16:08:58,397 - __main__ - INFO - Iniciando sincronización a SQL Server para entorno bienes...
2025-07-01 16:08:58,415 - adapters.sqlserver_adapter - INFO - SQL Server adapter inicializado correctamente
2025-07-01 16:08:58,415 - services.sync_service - INFO - Iniciando sincronización en modo: incremental
2025-07-01 16:08:58,415 - services.sync_service - INFO - Sincronizando: Bienes_01_BENEFICIARIOS.sql -> Bienes_01_BENEFICIARIOS
2025-07-01 16:08:59,158 - adapters.db_adapter - INFO - Configuración Oracle detectada. Inicializando adaptador...
2025-07-01 16:09:02,710 - adapters.db_adapter - INFO - Oracle Client inicializado desde: C:\oracle\instantclient_23_7
2025-07-01 16:09:02,710 - adapters.db_adapter - INFO - DSN creado: 10.15.7.45:1521/vivp
2025-07-01 16:09:22,946 - adapters.db_adapter - ERROR - ❌ Error conectando a Oracle: (oracledb.exceptions.DatabaseError) ORA-12170: Cannot connect. TCP connect timeout of 20s for host 10.15.7.45 port 1521. (CONNECTION_ID=ZUXBUp8lTomGW2xFQmwpWQ==)
Help: https://docs.oracle.com/error-help/db/ora-12170/
(Background on this error at: https://sqlalche.me/e/20/4xp6)
2025-07-01 16:09:22,946 - adapters.db_adapter - INFO - Oracle Client inicializado desde: C:\oracle\instantclient_23_7
2025-07-01 16:09:22,946 - adapters.db_adapter - INFO - DSN creado: 10.15.7.45:1521/vivp
2025-07-01 16:09:43,129 - adapters.db_adapter - ERROR - ❌ Error conectando a Oracle: (oracledb.exceptions.DatabaseError) ORA-12170: Cannot connect. TCP connect timeout of 20s for host 10.15.7.45 port 1521. (CONNECTION_ID=mHehpTndT2uHm/T94qDtdA==)
Help: https://docs.oracle.com/error-help/db/ora-12170/
(Background on this error at: https://sqlalche.me/e/20/4xp6)
2025-07-01 16:09:43,129 - services.sync_service - ERROR - Error ejecutando consulta Oracle: Oracle no está disponible. Verifica tu configuración.
2025-07-01 16:09:43,130 - services.sync_service - ERROR - Error sincronizando Bienes_01_BENEFICIARIOS.sql: Oracle no está disponible. Verifica tu configuración.
2025-07-01 16:09:43,130 - services.sync_service - INFO - Sincronizando: Bienes_02_CARTERAS.sql -> Bienes_02_CARTERAS
2025-07-01 16:09:43,140 - adapters.db_adapter - INFO - Oracle Client inicializado desde: C:\oracle\instantclient_23_7
2025-07-01 16:09:43,140 - adapters.db_adapter - INFO - DSN creado: 10.15.7.45:1521/vivp
2025-07-01 16:09:46,024 - adapters.db_adapter - INFO - ✅ Conexión Oracle exitosa: Oracle conectado
2025-07-01 16:09:46,875 - adapters.sqlserver_adapter - ERROR - Error insertando datos en Bienes_02_CARTERAS: (pyodbc.ProgrammingError) ('42000', '[42000] [Microsoft][ODBC Driver 17 for SQL Server][SQL Server]Error converting data type varchar to numeric. (8114) (SQLExecDirectW)')
[SQL: INSERT INTO dbo.[Bienes_02_CARTERAS] (barrio, ley, identificacion, circunscripcion, seccion, manzana, parcela, division, tipo_unidad, nrounidad, piso, depto, telefono, partidaunidad, digitoverificador, tipoplano, valuacionfiscal, nueva, mtstotales, m ... 580 characters truncated ... ?, ?, ?, ?, ?, ?, ?, ?, ?, ?, ?, ?), (?, ?, ?, ?, ?, ?, ?, ?, ?, ?, ?, ?, ?, ?, ?, ?, ?, ?, ?, ?, ?)]
[parameters: ('CABA', 6593, '24 de Noviembre 111/17', 9.0, 28.0, 32.0, 1.0, '24 de Noviembre 111/17', 'Vivienda', 24, '6', '24', '', '', '', '', '', 'N', '', '', 'S', 'CABA', 6593, '24 de Noviembre 111/17', 9.0, 28.0, 32.0, 1.0, '24 de Noviembre 111/17', 'Vivienda', 27, '7', '27', '', '', '', '', '', 'N', '', '', 'S', 'CABA', 6593, 'Alberdi, Juan B. Av. 2181/83/85', 5.0, 48.0, 134.0, 16.0, 'Alberdi, Juan B. Av. 2181/83/85' ... 110 parameters truncated ... '', '', '', '', 'N', '', '', 'S', 'CABA', 6593, 'Alberdi, Juan B. Av. 2705', 5.0, 48.0, 64.0, 30.0, 'Alberdi, Juan B. Av. 2705', 'Vivienda', 1, '', '', '', '', '', '', '', 'N', '', '', 'S', 'CABA', 6593, 'Araoz Alfaro, Gregorio, Dr. 262/64/66', 7.0, 45.0, 103.0, 8.0, 'Araoz Alfaro, Gregorio, Dr. 262/64/66', 'Vivienda', 1, 'PB', '', '', '', '', '', '', 'N', '', '', 'S')]
(Background on this error at: https://sqlalche.me/e/20/f405)
2025-07-01 16:09:46,876 - services.sync_service - ERROR - Error sincronizando tabla Bienes_02_CARTERAS: (pyodbc.ProgrammingError) ('42000', '[42000] [Microsoft][ODBC Driver 17 for SQL Server][SQL Server]Error converting data type varchar to numeric. (8114) (SQLExecDirectW)')
[SQL: INSERT INTO dbo.[Bienes_02_CARTERAS] (barrio, ley, identificacion, circunscripcion, seccion, manzana, parcela, division, tipo_unidad, nrounidad, piso, depto, telefono, partidaunidad, digitoverificador, tipoplano, valuacionfiscal, nueva, mtstotales, m ... 580 characters truncated ... ?, ?, ?, ?, ?, ?, ?, ?, ?, ?, ?, ?), (?, ?, ?, ?, ?, ?, ?, ?, ?, ?, ?, ?, ?, ?, ?, ?, ?, ?, ?, ?, ?)]
[parameters: ('CABA', 6593, '24 de Noviembre 111/17', 9.0, 28.0, 32.0, 1.0, '24 de Noviembre 111/17', 'Vivienda', 24, '6', '24', '', '', '', '', '', 'N', '', '', 'S', 'CABA', 6593, '24 de Noviembre 111/17', 9.0, 28.0, 32.0, 1.0, '24 de Noviembre 111/17', 'Vivienda', 27, '7', '27', '', '', '', '', '', 'N', '', '', 'S', 'CABA', 6593, 'Alberdi, Juan B. Av. 2181/83/85', 5.0, 48.0, 134.0, 16.0, 'Alberdi, Juan B. Av. 2181/83/85' ... 110 parameters truncated ... '', '', '', '', 'N', '', '', 'S', 'CABA', 6593, 'Alberdi, Juan B. Av. 2705', 5.0, 48.0, 64.0, 30.0, 'Alberdi, Juan B. Av. 2705', 'Vivienda', 1, '', '', '', '', '', '', '', 'N', '', '', 'S', 'CABA', 6593, 'Araoz Alfaro, Gregorio, Dr. 262/64/66', 7.0, 45.0, 103.0, 8.0, 'Araoz Alfaro, Gregorio, Dr. 262/64/66', 'Vivienda', 1, 'PB', '', '', '', '', '', '', 'N', '', '', 'S')]
(Background on this error at: https://sqlalche.me/e/20/f405)
2025-07-01 16:09:46,877 - services.sync_service - ERROR - Error sincronizando Bienes_02_CARTERAS.sql: (pyodbc.ProgrammingError) ('42000', '[42000] [Microsoft][ODBC Driver 17 for SQL Server][SQL Server]Error converting data type varchar to numeric. (8114) (SQLExecDirectW)')
[SQL: INSERT INTO dbo.[Bienes_02_CARTERAS] (barrio, ley, identificacion, circunscripcion, seccion, manzana, parcela, division, tipo_unidad, nrounidad, piso, depto, telefono, partidaunidad, digitoverificador, tipoplano, valuacionfiscal, nueva, mtstotales, m ... 580 characters truncated ... ?, ?, ?, ?, ?, ?, ?, ?, ?, ?, ?, ?), (?, ?, ?, ?, ?, ?, ?, ?, ?, ?, ?, ?, ?, ?, ?, ?, ?, ?, ?, ?, ?)]
[parameters: ('CABA', 6593, '24 de Noviembre 111/17', 9.0, 28.0, 32.0, 1.0, '24 de Noviembre 111/17', 'Vivienda', 24, '6', '24', '', '', '', '', '', 'N', '', '', 'S', 'CABA', 6593, '24 de Noviembre 111/17', 9.0, 28.0, 32.0, 1.0, '24 de Noviembre 111/17', 'Vivienda', 27, '7', '27', '', '', '', '', '', 'N', '', '', 'S', 'CABA', 6593, 'Alberdi, Juan B. Av. 2181/83/85', 5.0, 48.0, 134.0, 16.0, 'Alberdi, Juan B. Av. 2181/83/85' ... 110 parameters truncated ... '', '', '', '', 'N', '', '', 'S', 'CABA', 6593, 'Alberdi, Juan B. Av. 2705', 5.0, 48.0, 64.0, 30.0, 'Alberdi, Juan B. Av. 2705', 'Vivienda', 1, '', '', '', '', '', '', '', 'N', '', '', 'S', 'CABA', 6593, 'Araoz Alfaro, Gregorio, Dr. 262/64/66', 7.0, 45.0, 103.0, 8.0, 'Araoz Alfaro, Gregorio, Dr. 262/64/66', 'Vivienda', 1, 'PB', '', '', '', '', '', '', 'N', '', '', 'S')]
(Background on this error at: https://sqlalche.me/e/20/f405)
2025-07-01 16:09:46,877 - services.sync_service - INFO - Sincronizando: Bienes_03_CONTRATOS.sql -> Bienes_03_CONTRATOS
2025-07-01 16:09:46,885 - services.sync_service - INFO - Filtro incremental aplicado: fechafirma > TO_DATE('12/06/2025', 'DD/MM/YYYY')
2025-07-01 16:09:47,181 - services.sync_service - INFO - No hay datos para sincronizar en Bienes_03_CONTRATOS
2025-07-01 16:09:47,182 - services.sync_service - INFO - Sincronizando: Bienes_04_PLAN DE PAGOS.sql -> Bienes_04_PLAN_DE_PAGOS
2025-07-01 16:09:47,220 - services.sync_service - INFO - Filtro incremental aplicado: fecha_creacion > TO_DATE('25/06/2025', 'DD/MM/YYYY')
2025-07-01 16:09:47,583 - adapters.sqlserver_adapter - INFO - Datos insertados en dbo.Bienes_04_PLAN_DE_PAGOS: 5 registros
2025-07-01 16:09:47,583 - services.sync_service - INFO - ✅ Bienes_04_PLAN_DE_PAGOS: 5 registros sincronizados
2025-07-01 16:09:47,583 - services.sync_service - INFO - Sincronización completada. Total registros: 5
2025-07-01 16:09:47,584 - services.sync_service - WARNING - Errores encontrados: 2
2025-07-01 16:09:47,584 - services.sync_service - WARNING -   ❌ Error sincronizando Bienes_01_BENEFICIARIOS.sql: Oracle no está disponible. Verifica tu configuración.
2025-07-01 16:09:47,584 - services.sync_service - WARNING -   ❌ Error sincronizando Bienes_02_CARTERAS.sql: (pyodbc.ProgrammingError) ('42000', '[42000] [Microsoft][ODBC Driver 17 for SQL Server][SQL Server]Error converting data type varchar to numeric. (8114) (SQLExecDirectW)')
[SQL: INSERT INTO dbo.[Bienes_02_CARTERAS] (barrio, ley, identificacion, circunscripcion, seccion, manzana, parcela, division, tipo_unidad, nrounidad, piso, depto, telefono, partidaunidad, digitoverificador, tipoplano, valuacionfiscal, nueva, mtstotales, m ... 580 characters truncated ... ?, ?, ?, ?, ?, ?, ?, ?, ?, ?, ?, ?), (?, ?, ?, ?, ?, ?, ?, ?, ?, ?, ?, ?, ?, ?, ?, ?, ?, ?, ?, ?, ?)]
[parameters: ('CABA', 6593, '24 de Noviembre 111/17', 9.0, 28.0, 32.0, 1.0, '24 de Noviembre 111/17', 'Vivienda', 24, '6', '24', '', '', '', '', '', 'N', '', '', 'S', 'CABA', 6593, '24 de Noviembre 111/17', 9.0, 28.0, 32.0, 1.0, '24 de Noviembre 111/17', 'Vivienda', 27, '7', '27', '', '', '', '', '', 'N', '', '', 'S', 'CABA', 6593, 'Alberdi, Juan B. Av. 2181/83/85', 5.0, 48.0, 134.0, 16.0, 'Alberdi, Juan B. Av. 2181/83/85' ... 110 parameters truncated ... '', '', '', '', 'N', '', '', 'S', 'CABA', 6593, 'Alberdi, Juan B. Av. 2705', 5.0, 48.0, 64.0, 30.0, 'Alberdi, Juan B. Av. 2705', 'Vivienda', 1, '', '', '', '', '', '', '', 'N', '', '', 'S', 'CABA', 6593, 'Araoz Alfaro, Gregorio, Dr. 262/64/66', 7.0, 45.0, 103.0, 8.0, 'Araoz Alfaro, Gregorio, Dr. 262/64/66', 'Vivienda', 1, 'PB', '', '', '', '', '', '', 'N', '', '', 'S')]
(Background on this error at: https://sqlalche.me/e/20/f405)
2025-07-01 16:09:47,584 - __main__ - ERROR - Error en sincronización SQL Server: cannot unpack non-iterable NoneType object
2025-07-01 16:09:47,584 - __main__ - INFO - === Proceso completado exitosamente ===
